<?xml version="1.0" encoding="UTF-8"?>
<!-- Generated by org.testng.reporters.JUnitReportReporter -->
<testsuite hostname="DESKTOP-SMCHSU2" failures="0" tests="2" name="calculator.StringCalculatorShould" time="0.016" errors="0" timestamp="2021-10-16T17:29:43 IST" skipped="0">
  <testcase classname="calculator.StringCalculatorShould" name="string_with_single_number_should_return_number_as_int" time="0.005"/>
  <system-out/>
  <testcase classname="calculator.StringCalculatorShould" name="empty_string_should_return_0" time="0.011"/>
  <system-out/>
</testsuite> <!-- calculator.StringCalculatorShould -->
