<?xml version="1.0" encoding="UTF-8"?>
<!-- Generated by org.testng.reporters.JUnitReportReporter -->
<testsuite hostname="DESKTOP-SMCHSU2" failures="0" tests="4" name="calculator.StringCalculatorShould" time="0.025" errors="0" timestamp="2021-10-16T17:37:08 IST" skipped="0">
  <testcase classname="calculator.StringCalculatorShould" name="string_with_single_number_should_return_number_as_int" time="0.005"/>
  <system-out/>
  <testcase classname="calculator.StringCalculatorShould" name="twoNumbersNewLineDelimitedReturnSum" time="0.004"/>
  <system-out/>
  <testcase classname="calculator.StringCalculatorShould" name="empty_string_should_return_0" time="0.012"/>
  <system-out/>
  <testcase classname="calculator.StringCalculatorShould" name="twoNumbersCommaDelimitedReturnSum" time="0.004"/>
  <system-out/>
</testsuite> <!-- calculator.StringCalculatorShould -->
